Copyright 1986-2022 Xilinx, Inc. All Rights Reserved. Copyright 2022-2023 Advanced Micro Devices, Inc. All Rights Reserved.
---------------------------------------------------------------------------------------------------------------------------------------------
| Tool Version : Vivado v.2023.2 (lin64) Build 4029153 Fri Oct 13 20:13:54 MDT 2023
| Date         : Mon Nov  3 14:37:09 2025
| Host         : pc129 running 64-bit Ubuntu 20.04.6 LTS
| Command      : report_utilization -file pl_eth_10g_wrapper_utilization_placed.rpt -pb pl_eth_10g_wrapper_utilization_placed.pb
| Design       : pl_eth_10g_wrapper
| Device       : xczu7ev-ffvc1156-2-e
| Speed File   : -2
| Design State : Fully Placed
---------------------------------------------------------------------------------------------------------------------------------------------

Utilization Design Information

Table of Contents
-----------------
1. CLB Logic
1.1 Summary of Registers by Type
2. CLB Logic Distribution
3. BLOCKRAM
4. ARITHMETIC
5. I/O
6. CLOCK
7. ADVANCED
8. CONFIGURATION
9. Primitives
10. Black Boxes
11. Instantiated Netlists

1. CLB Logic
------------

+----------------------------+-------+-------+------------+-----------+-------+
|          Site Type         |  Used | Fixed | Prohibited | Available | Util% |
+----------------------------+-------+-------+------------+-----------+-------+
| CLB LUTs                   | 17468 |     0 |          0 |    230400 |  7.58 |
|   LUT as Logic             | 16722 |     0 |          0 |    230400 |  7.26 |
|   LUT as Memory            |   746 |     0 |          0 |    101760 |  0.73 |
|     LUT as Distributed RAM |   362 |     0 |            |           |       |
|     LUT as Shift Register  |   384 |     0 |            |           |       |
| CLB Registers              | 27317 |     0 |          0 |    460800 |  5.93 |
|   Register as Flip Flop    | 27317 |     0 |          0 |    460800 |  5.93 |
|   Register as Latch        |     0 |     0 |          0 |    460800 |  0.00 |
| CARRY8                     |   672 |     0 |          0 |     28800 |  2.33 |
| F7 Muxes                   |   137 |     0 |          0 |    115200 |  0.12 |
| F8 Muxes                   |     0 |     0 |          0 |     57600 |  0.00 |
| F9 Muxes                   |     0 |     0 |          0 |     28800 |  0.00 |
+----------------------------+-------+-------+------------+-----------+-------+
* Warning! LUT value is adjusted to account for LUT combining.


1.1 Summary of Registers by Type
--------------------------------

+-------+--------------+-------------+--------------+
| Total | Clock Enable | Synchronous | Asynchronous |
+-------+--------------+-------------+--------------+
| 0     |            _ |           - |            - |
| 0     |            _ |           - |          Set |
| 0     |            _ |           - |        Reset |
| 0     |            _ |         Set |            - |
| 0     |            _ |       Reset |            - |
| 0     |          Yes |           - |            - |
| 261   |          Yes |           - |          Set |
| 286   |          Yes |           - |        Reset |
| 1892  |          Yes |         Set |            - |
| 24878 |          Yes |       Reset |            - |
+-------+--------------+-------------+--------------+


2. CLB Logic Distribution
-------------------------

+--------------------------------------------+-------+-------+------------+-----------+-------+
|                  Site Type                 |  Used | Fixed | Prohibited | Available | Util% |
+--------------------------------------------+-------+-------+------------+-----------+-------+
| CLB                                        |  4865 |     0 |          0 |     28800 | 16.89 |
|   CLBL                                     |  2548 |     0 |            |           |       |
|   CLBM                                     |  2317 |     0 |            |           |       |
| LUT as Logic                               | 16722 |     0 |          0 |    230400 |  7.26 |
|   using O5 output only                     |   497 |       |            |           |       |
|   using O6 output only                     | 12263 |       |            |           |       |
|   using O5 and O6                          |  3962 |       |            |           |       |
| LUT as Memory                              |   746 |     0 |          0 |    101760 |  0.73 |
|   LUT as Distributed RAM                   |   362 |     0 |            |           |       |
|     using O5 output only                   |     0 |       |            |           |       |
|     using O6 output only                   |     8 |       |            |           |       |
|     using O5 and O6                        |   354 |       |            |           |       |
|   LUT as Shift Register                    |   384 |     0 |            |           |       |
|     using O5 output only                   |     0 |       |            |           |       |
|     using O6 output only                   |   259 |       |            |           |       |
|     using O5 and O6                        |   125 |       |            |           |       |
| CLB Registers                              | 27317 |     0 |          0 |    460800 |  5.93 |
|   Register driven from within the CLB      | 12073 |       |            |           |       |
|   Register driven from outside the CLB     | 15244 |       |            |           |       |
|     LUT in front of the register is unused | 11629 |       |            |           |       |
|     LUT in front of the register is used   |  3615 |       |            |           |       |
| Unique Control Sets                        |  1026 |       |          0 |     57600 |  1.78 |
+--------------------------------------------+-------+-------+------------+-----------+-------+
* * Note: Available Control Sets calculated as Slices * 2, Review the Control Sets Report for more information regarding control sets.


3. BLOCKRAM
-----------

+-------------------+------+-------+------------+-----------+-------+
|     Site Type     | Used | Fixed | Prohibited | Available | Util% |
+-------------------+------+-------+------------+-----------+-------+
| Block RAM Tile    |  137 |     0 |          0 |       312 | 43.91 |
|   RAMB36/FIFO*    |  135 |     0 |          0 |       312 | 43.27 |
|     RAMB36E2 only |  135 |       |            |           |       |
|   RAMB18          |    4 |     0 |          0 |       624 |  0.64 |
|     RAMB18E2 only |    4 |       |            |           |       |
| URAM              |    0 |     0 |          0 |        96 |  0.00 |
+-------------------+------+-------+------------+-----------+-------+
* Note: Each Block RAM Tile only has one FIFO logic available and therefore can accommodate only one FIFO36E2 or one FIFO18E2. However, if a FIFO18E2 occupies a Block RAM Tile, that tile can still accommodate a RAMB18E2


4. ARITHMETIC
-------------

+-----------+------+-------+------------+-----------+-------+
| Site Type | Used | Fixed | Prohibited | Available | Util% |
+-----------+------+-------+------------+-----------+-------+
| DSPs      |    0 |     0 |          0 |      1728 |  0.00 |
+-----------+------+-------+------------+-----------+-------+


5. I/O
------

+------------------+------+-------+------------+-----------+-------+
|     Site Type    | Used | Fixed | Prohibited | Available | Util% |
+------------------+------+-------+------------+-----------+-------+
| Bonded IOB       |    1 |     1 |          0 |       360 |  0.28 |
| HPIOB_M          |    0 |     0 |          0 |       144 |  0.00 |
| HPIOB_S          |    0 |     0 |          0 |       144 |  0.00 |
| HDIOB_M          |    0 |     0 |          0 |        24 |  0.00 |
| HDIOB_S          |    0 |     0 |          0 |        24 |  0.00 |
| HPIOB_SNGL       |    1 |     1 |          0 |        24 |  4.17 |
|   INPUT          |    0 |       |            |           |       |
|   OUTPUT         |    1 |       |            |           |       |
|   BIDIR          |    0 |       |            |           |       |
| HPIOBDIFFINBUF   |    0 |     0 |          0 |       192 |  0.00 |
| HPIOBDIFFOUTBUF  |    0 |     0 |          0 |       192 |  0.00 |
| HDIOBDIFFINBUF   |    0 |     0 |          0 |        48 |  0.00 |
| BITSLICE_CONTROL |    0 |     0 |          0 |        64 |  0.00 |
| BITSLICE_RX_TX   |    0 |     0 |          0 |      2496 |  0.00 |
| BITSLICE_TX      |    0 |     0 |          0 |        64 |  0.00 |
| RIU_OR           |    0 |     0 |          0 |        32 |  0.00 |
+------------------+------+-------+------------+-----------+-------+


6. CLOCK
--------

+----------------------+------+-------+------------+-----------+-------+
|       Site Type      | Used | Fixed | Prohibited | Available | Util% |
+----------------------+------+-------+------------+-----------+-------+
| GLOBAL CLOCK BUFFERs |    8 |     0 |          0 |       544 |  1.47 |
|   BUFGCE             |    3 |     0 |          0 |       208 |  1.44 |
|   BUFGCE_DIV         |    0 |     0 |          0 |        32 |  0.00 |
|   BUFG_GT            |    4 |     0 |          0 |       144 |  2.78 |
|   BUFG_PS            |    1 |     0 |          0 |        96 |  1.04 |
|   BUFGCTRL*          |    0 |     0 |          0 |        64 |  0.00 |
| PLL                  |    0 |     0 |          0 |        16 |  0.00 |
| MMCM                 |    0 |     0 |          0 |         8 |  0.00 |
+----------------------+------+-------+------------+-----------+-------+
* Note: Each used BUFGCTRL counts as two GLOBAL CLOCK BUFFERs. This table does not include global clocking resources, only buffer cell usage. See the Clock Utilization Report (report_clock_utilization) for detailed accounting of global clocking resource availability.


7. ADVANCED
-----------

+-----------------+------+-------+------------+-----------+--------+
|    Site Type    | Used | Fixed | Prohibited | Available |  Util% |
+-----------------+------+-------+------------+-----------+--------+
| GTHE4_CHANNEL   |    1 |     1 |          0 |        20 |   5.00 |
| GTHE4_COMMON    |    1 |     0 |          0 |         5 |  20.00 |
| OBUFDS_GTE4     |    0 |     0 |          0 |        10 |   0.00 |
| OBUFDS_GTE4_ADV |    0 |     0 |          0 |        10 |   0.00 |
| PCIE40E4        |    0 |     0 |          0 |         2 |   0.00 |
| PS8             |    1 |     0 |          0 |         1 | 100.00 |
| SYSMONE4        |    0 |     0 |          0 |         1 |   0.00 |
| VCU             |    0 |     0 |          0 |         1 |   0.00 |
+-----------------+------+-------+------------+-----------+--------+


8. CONFIGURATION
----------------

+-------------+------+-------+------------+-----------+-------+
|  Site Type  | Used | Fixed | Prohibited | Available | Util% |
+-------------+------+-------+------------+-----------+-------+
| BSCANE2     |    0 |     0 |          0 |         4 |  0.00 |
| DNA_PORTE2  |    0 |     0 |          0 |         1 |  0.00 |
| EFUSE_USR   |    0 |     0 |          0 |         1 |  0.00 |
| FRAME_ECCE4 |    0 |     0 |          0 |         1 |  0.00 |
| ICAPE3      |    0 |     0 |          0 |         2 |  0.00 |
| MASTER_JTAG |    0 |     0 |          0 |         1 |  0.00 |
| STARTUPE3   |    0 |     0 |          0 |         1 |  0.00 |
+-------------+------+-------+------------+-----------+-------+


9. Primitives
-------------

+---------------+-------+---------------------+
|    Ref Name   |  Used | Functional Category |
+---------------+-------+---------------------+
| FDRE          | 24878 |            Register |
| LUT6          |  7082 |                 CLB |
| LUT2          |  5062 |                 CLB |
| LUT3          |  3166 |                 CLB |
| LUT5          |  2879 |                 CLB |
| LUT4          |  2152 |                 CLB |
| FDSE          |  1892 |            Register |
| CARRY8        |   672 |                 CLB |
| RAMD32        |   610 |                 CLB |
| SRL16E        |   358 |                 CLB |
| LUT1          |   343 |                 CLB |
| FDCE          |   286 |            Register |
| FDPE          |   261 |            Register |
| SRLC32E       |   151 |                 CLB |
| MUXF7         |   137 |                 CLB |
| RAMB36E2      |   135 |            BLOCKRAM |
| RAMS32        |   106 |                 CLB |
| RAMB18E2      |     4 |            BLOCKRAM |
| BUFG_GT       |     4 |               Clock |
| BUFGCE        |     3 |               Clock |
| BUFG_GT_SYNC  |     2 |               Clock |
| PS8           |     1 |            Advanced |
| OBUF          |     1 |                 I/O |
| IBUFDS_GTE4   |     1 |                 I/O |
| GTHE4_COMMON  |     1 |            Advanced |
| GTHE4_CHANNEL |     1 |            Advanced |
| BUFG_PS       |     1 |               Clock |
+---------------+-------+---------------------+


10. Black Boxes
---------------

+----------+------+
| Ref Name | Used |
+----------+------+


11. Instantiated Netlists
-------------------------

+----------+------+
| Ref Name | Used |
+----------+------+


