Copyright 1986-2022 Xilinx, Inc. All Rights Reserved. Copyright 2022-2023 Advanced Micro Devices, Inc. All Rights Reserved.
----------------------------------------------------------------------------------------------------------------------------------------------------------------------------
| Tool Version     : Vivado v.2023.2 (lin64) Build 4029153 Fri Oct 13 20:13:54 MDT 2023
| Date             : Mon Nov  3 14:38:38 2025
| Host             : pc129 running 64-bit Ubuntu 20.04.6 LTS
| Command          : report_power -file pl_eth_10g_wrapper_power_routed.rpt -pb pl_eth_10g_wrapper_power_summary_routed.pb -rpx pl_eth_10g_wrapper_power_routed.rpx
| Design           : pl_eth_10g_wrapper
| Device           : xczu7ev-ffvc1156-2-e
| Design State     : routed
| Grade            : extended
| Process          : typical
| Characterization : Production
----------------------------------------------------------------------------------------------------------------------------------------------------------------------------

Power Report

Table of Contents
-----------------
1. Summary
1.1 On-Chip Components
1.2 Power Supply Summary
1.3 Confidence Level
2. Settings
2.1 Environment
2.2 Clock Constraints
3. Detailed Reports
3.1 By Hierarchy

1. Summary
----------

+--------------------------+--------------+
| Total On-Chip Power (W)  | 4.139        |
| Design Power Budget (W)  | Unspecified* |
| Power Budget Margin (W)  | NA           |
| Dynamic (W)              | 3.404        |
| Device Static (W)        | 0.735        |
| Effective TJA (C/W)      | 1.0          |
| Max Ambient (C)          | 95.9         |
| Junction Temperature (C) | 29.1         |
| Confidence Level         | Medium       |
| Setting File             | ---          |
| Simulation Activity File | ---          |
| Design Nets Matched      | NA           |
+--------------------------+--------------+
* Specify Design Power Budget using, set_operating_conditions -design_power_budget <value in Watts>


1.1 On-Chip Components
----------------------

+--------------------------+-----------+----------+-----------+-----------------+
| On-Chip                  | Power (W) | Used     | Available | Utilization (%) |
+--------------------------+-----------+----------+-----------+-----------------+
| Clocks                   |     0.142 |       12 |       --- |             --- |
| CLB Logic                |     0.052 |    51216 |       --- |             --- |
|   LUT as Logic           |     0.041 |    16722 |    230400 |            7.26 |
|   Register               |     0.005 |    27317 |    460800 |            5.93 |
|   LUT as Distributed RAM |     0.004 |      362 |    101760 |            0.36 |
|   LUT as Shift Register  |     0.001 |      384 |    101760 |            0.38 |
|   CARRY8                 |     0.001 |      672 |     28800 |            2.33 |
|   BUFG                   |    <0.001 |        3 |        64 |            4.69 |
|   Others                 |     0.000 |     1178 |       --- |             --- |
|   F7/F8 Muxes            |     0.000 |      137 |    230400 |            0.06 |
| Signals                  |     0.058 |    45777 |       --- |             --- |
| Block RAM                |     0.067 |      137 |       312 |           43.91 |
| I/O                      |     0.006 |        1 |       360 |            0.28 |
| GTH                      |     0.306 |        1 |        20 |            5.00 |
| PS8                      |     2.772 |        1 |       --- |             --- |
| Static Power             |     0.735 |          |           |                 |
|   PS Static              |     0.099 |          |           |                 |
|   PL Static              |     0.636 |          |           |                 |
| Total                    |     4.139 |          |           |                 |
+--------------------------+-----------+----------+-----------+-----------------+


1.2 Power Supply Summary
------------------------

+-----------------+-------------+-----------+-------------+------------+-------------+-------------+------------+
| Source          | Voltage (V) | Total (A) | Dynamic (A) | Static (A) | Powerup (A) | Budget (A)  | Margin (A) |
+-----------------+-------------+-----------+-------------+------------+-------------+-------------+------------+
| Vccint          |       0.850 |     0.577 |       0.420 |      0.157 |       NA    | Unspecified | NA         |
| Vccint_io       |       0.850 |     0.072 |       0.001 |      0.071 |       NA    | Unspecified | NA         |
| Vccbram         |       0.850 |     0.002 |       0.000 |      0.002 |       NA    | Unspecified | NA         |
| Vccaux          |       1.800 |     0.147 |       0.000 |      0.147 |       NA    | Unspecified | NA         |
| Vccaux_io       |       1.800 |     0.058 |       0.003 |      0.055 |       NA    | Unspecified | NA         |
| Vcco33          |       3.300 |     0.000 |       0.000 |      0.000 |       NA    | Unspecified | NA         |
| Vcco25          |       2.500 |     0.000 |       0.000 |      0.000 |       NA    | Unspecified | NA         |
| Vcco18          |       1.800 |     0.000 |       0.000 |      0.000 |       NA    | Unspecified | NA         |
| Vcco15          |       1.500 |     0.000 |       0.000 |      0.000 |       NA    | Unspecified | NA         |
| Vcco135         |       1.350 |     0.000 |       0.000 |      0.000 |       NA    | Unspecified | NA         |
| Vcco12          |       1.200 |     0.000 |       0.000 |      0.000 |       NA    | Unspecified | NA         |
| Vcco10          |       1.000 |     0.000 |       0.000 |      0.000 |       NA    | Unspecified | NA         |
| Vccadc          |       1.800 |     0.008 |       0.000 |      0.008 |       NA    | Unspecified | NA         |
| VCC_PSINTFP     |       0.850 |     1.091 |       1.055 |      0.035 |       NA    | Unspecified | NA         |
| VCC_PSINTLP     |       0.850 |     0.287 |       0.280 |      0.007 |       NA    | Unspecified | NA         |
| VPS_MGTRAVCC    |       0.850 |     0.190 |       0.189 |      0.001 |       NA    | Unspecified | NA         |
| VCC_PSINTFP_DDR |       0.850 |     0.730 |       0.726 |      0.004 |       NA    | Unspecified | NA         |
| VCC_PSPLL       |       1.200 |     0.075 |       0.073 |      0.002 |       NA    | Unspecified | NA         |
| VPS_MGTRAVTT    |       1.800 |     0.034 |       0.033 |      0.001 |       NA    | Unspecified | NA         |
| VCCO_PSDDR_504  |       1.200 |     0.626 |       0.592 |      0.034 |       NA    | Unspecified | NA         |
| VCC_PSAUX       |       1.800 |     0.002 |       0.000 |      0.002 |       NA    | Unspecified | NA         |
| VCC_PSBATT      |       1.200 |     0.000 |       0.000 |      0.000 |       NA    | Unspecified | NA         |
| VCC_PSDDR_PLL   |       1.800 |     0.001 |       0.000 |      0.001 |       NA    | Unspecified | NA         |
| VCCO_PSIO0_500  |       1.800 |     0.001 |       0.001 |      0.001 |       NA    | Unspecified | NA         |
| VCCO_PSIO1_501  |       1.800 |     0.001 |       0.000 |      0.001 |       NA    | Unspecified | NA         |
| VCCO_PSIO2_502  |       1.800 |     0.001 |       0.000 |      0.001 |       NA    | Unspecified | NA         |
| VCCO_PSIO3_503  |       3.300 |     0.001 |       0.000 |      0.001 |       NA    | Unspecified | NA         |
| VCC_PSADC       |       1.800 |     0.002 |       0.000 |      0.002 |       NA    | Unspecified | NA         |
| VCCINT_VCU      |       0.900 |     0.028 |       0.000 |      0.028 |       NA    | Unspecified | NA         |
| MGTAVcc         |       0.900 |     0.101 |       0.090 |      0.011 |       NA    | Unspecified | NA         |
| MGTAVtt         |       1.200 |     0.162 |       0.139 |      0.023 |       NA    | Unspecified | NA         |
| MGTVccaux       |       1.800 |     0.012 |       0.012 |      0.000 |       NA    | Unspecified | NA         |
+-----------------+-------------+-----------+-------------+------------+-------------+-------------+------------+


1.3 Confidence Level
--------------------

+-----------------------------+------------+------------------------------------------------+------------------------------------------------------------------------------------------------------------+
| User Input Data             | Confidence | Details                                        | Action                                                                                                     |
+-----------------------------+------------+------------------------------------------------+------------------------------------------------------------------------------------------------------------+
| Design implementation state | High       | Design is routed                               |                                                                                                            |
| Clock nodes activity        | High       | User specified more than 95% of clocks         |                                                                                                            |
| I/O nodes activity          | High       | User specified more than 95% of inputs         |                                                                                                            |
| Internal nodes activity     | Medium     | User specified less than 25% of internal nodes | Provide missing internal nodes activity with simulation results or by editing the "By Resource Type" views |
| Device models               | High       | Device models are Production                   |                                                                                                            |
|                             |            |                                                |                                                                                                            |
| Overall confidence level    | Medium     |                                                |                                                                                                            |
+-----------------------------+------------+------------------------------------------------+------------------------------------------------------------------------------------------------------------+


2. Settings
-----------

2.1 Environment
---------------

+-----------------------+--------------------------+
| Ambient Temp (C)      | 25.0                     |
| ThetaJA (C/W)         | 1.0                      |
| Airflow (LFM)         | 250                      |
| Heat Sink             | medium (Medium Profile)  |
| ThetaSA (C/W)         | 1.5                      |
| Board Selection       | medium (10"x10")         |
| # of Board Layers     | 12to15 (12 to 15 Layers) |
| Board Temperature (C) | 25.0                     |
+-----------------------+--------------------------+


2.2 Clock Constraints
---------------------

+-----------------------------+-----------------------------------------------------------------------------------------------------------------------------------------------------------------------------------------------------------------------------------------------------------------------------+-----------------+
| Clock                       | Domain                                                                                                                                                                                                                                                                      | Constraint (ns) |
+-----------------------------+-----------------------------------------------------------------------------------------------------------------------------------------------------------------------------------------------------------------------------------------------------------------------------+-----------------+
| Net                         | pl_eth_10g_i/xxv_ethernet_0/inst/i_core_gtwiz_userclk_rx_inst_0/rx_clk                                                                                                                                                                                                      |             6.4 |
| clk_pl_0                    | pl_eth_10g_i/zups/zynq_ultra_ps_e_0/inst/pl_clk_unbuffered[0]                                                                                                                                                                                                               |             8.0 |
| gt_ref_clk                  | gt_ref_clk_clk_p                                                                                                                                                                                                                                                            |             6.4 |
| qpll0clk_in[0]              | pl_eth_10g_i/xxv_ethernet_0/inst/i_pl_eth_10g_xxv_ethernet_0_0_common_wrapper/pl_eth_10g_xxv_ethernet_0_0_gt_gthe4_common_wrapper_i/common_inst/qpll0clk_in[0]                                                                                                              |             0.2 |
| qpll0refclk_in[0]           | pl_eth_10g_i/xxv_ethernet_0/inst/i_pl_eth_10g_xxv_ethernet_0_0_common_wrapper/pl_eth_10g_xxv_ethernet_0_0_gt_gthe4_common_wrapper_i/common_inst/qpll0refclk_in[0]                                                                                                           |             6.4 |
| rxoutclk_out[0]             | pl_eth_10g_i/xxv_ethernet_0/inst/i_pl_eth_10g_xxv_ethernet_0_0_gt/inst/gen_gtwizard_gthe4_top.pl_eth_10g_xxv_ethernet_0_0_gt_gtwizard_gthe4_inst/gen_gtwizard_gthe4.gen_channel_container[0].gen_enabled_channel.gthe4_channel_wrapper_inst/channel_inst/rxoutclk_out[0]    |             3.2 |
| rxoutclkpcs_out[0]          | pl_eth_10g_i/xxv_ethernet_0/inst/i_pl_eth_10g_xxv_ethernet_0_0_gt/inst/gen_gtwizard_gthe4_top.pl_eth_10g_xxv_ethernet_0_0_gt_gtwizard_gthe4_inst/gen_gtwizard_gthe4.gen_channel_container[0].gen_enabled_channel.gthe4_channel_wrapper_inst/channel_inst/rxoutclkpcs_out[0] |             3.1 |
| txoutclk_out[0]             | pl_eth_10g_i/xxv_ethernet_0/inst/i_pl_eth_10g_xxv_ethernet_0_0_gt/inst/gen_gtwizard_gthe4_top.pl_eth_10g_xxv_ethernet_0_0_gt_gtwizard_gthe4_inst/gen_gtwizard_gthe4.gen_channel_container[0].gen_enabled_channel.gthe4_channel_wrapper_inst/channel_inst/txoutclk_out[0]    |             3.2 |
| xxv_ethernet_0_tx_clk_out_0 | pl_eth_10g_i/xxv_ethernet_0/inst/i_core_gtwiz_userclk_tx_inst_0/tx_clk                                                                                                                                                                                                      |             6.4 |
+-----------------------------+-----------------------------------------------------------------------------------------------------------------------------------------------------------------------------------------------------------------------------------------------------------------------------+-----------------+


3. Detailed Reports
-------------------

3.1 By Hierarchy
----------------

+-------------------------+-----------+
| Name                    | Power (W) |
+-------------------------+-----------+
| pl_eth_10g_wrapper      |     3.404 |
|   pl_eth_10g_i          |     3.404 |
|     axi_dma_0           |     0.032 |
|       U0                |     0.032 |
|     rx_data_fifo        |     0.036 |
|       inst              |     0.036 |
|     tx_data_fifo        |     0.036 |
|       inst              |     0.036 |
|     xxv_ethernet_0      |     0.472 |
|       inst              |     0.472 |
|     zups                |     2.827 |
|       axi_pl_ps         |     0.027 |
|       ps_axi_periph     |     0.027 |
|       zynq_ultra_ps_e_0 |     2.774 |
+-------------------------+-----------+


