Copyright 1986-2022 Xilinx, Inc. All Rights Reserved. Copyright 2022-2023 Advanced Micro Devices, Inc. All Rights Reserved.
---------------------------------------------------------------------------------------------------------------------------------------------
| Tool Version : Vivado v.2023.2 (lin64) Build 4029153 Fri Oct 13 20:13:54 MDT 2023
| Date         : Mon Nov  3 14:16:55 2025
| Host         : pc129 running 64-bit Ubuntu 20.04.6 LTS
| Command      : upgrade_ip
| Device       : xczu7ev-ffvc1156-2-e
---------------------------------------------------------------------------------------------------------------------------------------------

Upgrade Log for IP 'pl_eth_10g_zynq_ultra_ps_e_0_0'

1. Summary
----------

SUCCESS in the upgrade of pl_eth_10g_zynq_ultra_ps_e_0_0 from xilinx.com:ip:zynq_ultra_ps_e:3.3 (Rev. 3) to xilinx.com:ip:zynq_ultra_ps_e:3.5 (Rev. 1)

2. Upgrade messages
-------------------

Set parameter PSU__GPIO_EMIO__PERIPHERAL__IO to value 95 (source 'default')
WARNING: upgrade cannot add parameter PSU__USE__USB3_0_HUB with default value 0 : a parameter called PSU__USE__USB3_0_HUB already exists in zynq_ultra_ps_e_v3_5
WARNING: upgrade cannot add parameter PSU__USE__USB3_1_HUB with default value 0 : a parameter called PSU__USE__USB3_1_HUB already exists in zynq_ultra_ps_e_v3_5
Set parameter PSU__PROTECTION__FPD_SEGMENTS to value SA:0xFD1A0000 ;SIZE:1280;UNIT:KB ;RegionTZ:Secure ;WrAllowed:Read/Write;subsystemId:PMU Firmware    |    SA:0xFD000000 ;SIZE:64;UNIT:KB ;RegionTZ:Secure ;WrAllowed:Read/Write;subsystemId:PMU Firmware    |    SA:0xFD010000 ;SIZE:64;UNIT:KB ;RegionTZ:Secure ;WrAllowed:Read/Write;subsystemId:PMU Firmware    |    SA:0xFD020000 ;SIZE:64;UNIT:KB ;RegionTZ:Secure ;WrAllowed:Read/Write;subsystemId:PMU Firmware    |    SA:0xFD030000 ;SIZE:64;UNIT:KB ;RegionTZ:Secure ;WrAllowed:Read/Write;subsystemId:PMU Firmware    |    SA:0xFD040000 ;SIZE:64;UNIT:KB ;RegionTZ:Secure ;WrAllowed:Read/Write;subsystemId:PMU Firmware    |    SA:0xFD050000 ;SIZE:64;UNIT:KB ;RegionTZ:Secure ;WrAllowed:Read/Write;subsystemId:PMU Firmware    |    SA:0xFD610000 ;SIZE:512;UNIT:KB ;RegionTZ:Secure ;WrAllowed:Read/Write;subsystemId:PMU Firmware    |    SA:0xFD5D0000 ;SIZE:64;UNIT:KB ;RegionTZ:Secure ;WrAllowed:Read/Write;subsystemId:PMU Firmware (source 'default')






Copyright 1986-2022 Xilinx, Inc. All Rights Reserved. Copyright 2022-2023 Advanced Micro Devices, Inc. All Rights Reserved.
---------------------------------------------------------------------------------------------------------------------------------------------
| Tool Version : Vivado v.2023.2 (lin64) Build 4029153 Fri Oct 13 20:13:54 MDT 2023
| Date         : Mon Nov  3 14:16:55 2025
| Host         : pc129 running 64-bit Ubuntu 20.04.6 LTS
| Command      : upgrade_ip
| Device       : xczu7ev-ffvc1156-2-e
---------------------------------------------------------------------------------------------------------------------------------------------

Upgrade Log for IP 'pl_eth_10g_xxv_ethernet_0_0'

1. Summary
----------

SUCCESS in the upgrade of pl_eth_10g_xxv_ethernet_0_0 from xilinx.com:ip:xxv_ethernet:3.3 to xilinx.com:ip:xxv_ethernet:4.1 (Rev. 7)






Copyright 1986-2022 Xilinx, Inc. All Rights Reserved. Copyright 2022-2023 Advanced Micro Devices, Inc. All Rights Reserved.
---------------------------------------------------------------------------------------------------------------------------------------------
| Tool Version : Vivado v.2023.2 (lin64) Build 4029153 Fri Oct 13 20:13:54 MDT 2023
| Date         : Mon Nov  3 14:16:55 2025
| Host         : pc129 running 64-bit Ubuntu 20.04.6 LTS
| Command      : upgrade_ip
| Device       : xczu7ev-ffvc1156-2-e
---------------------------------------------------------------------------------------------------------------------------------------------

Upgrade Log for IP 'pl_eth_10g_xlconstant_2_0'

1. Summary
----------

SUCCESS in the upgrade of pl_eth_10g_xlconstant_2_0 (xilinx.com:ip:xlconstant:1.1) from (Rev. 7) to (Rev. 8)






Copyright 1986-2022 Xilinx, Inc. All Rights Reserved. Copyright 2022-2023 Advanced Micro Devices, Inc. All Rights Reserved.
---------------------------------------------------------------------------------------------------------------------------------------------
| Tool Version : Vivado v.2023.2 (lin64) Build 4029153 Fri Oct 13 20:13:54 MDT 2023
| Date         : Mon Nov  3 14:16:54 2025
| Host         : pc129 running 64-bit Ubuntu 20.04.6 LTS
| Command      : upgrade_ip
| Device       : xczu7ev-ffvc1156-2-e
---------------------------------------------------------------------------------------------------------------------------------------------

Upgrade Log for IP 'pl_eth_10g_xlconstant_1_0'

1. Summary
----------

SUCCESS in the upgrade of pl_eth_10g_xlconstant_1_0 (xilinx.com:ip:xlconstant:1.1) from (Rev. 7) to (Rev. 8)






Copyright 1986-2022 Xilinx, Inc. All Rights Reserved. Copyright 2022-2023 Advanced Micro Devices, Inc. All Rights Reserved.
---------------------------------------------------------------------------------------------------------------------------------------------
| Tool Version : Vivado v.2023.2 (lin64) Build 4029153 Fri Oct 13 20:13:54 MDT 2023
| Date         : Mon Nov  3 14:16:54 2025
| Host         : pc129 running 64-bit Ubuntu 20.04.6 LTS
| Command      : upgrade_ip
| Device       : xczu7ev-ffvc1156-2-e
---------------------------------------------------------------------------------------------------------------------------------------------

Upgrade Log for IP 'pl_eth_10g_xlconstant_0_0'

1. Summary
----------

SUCCESS in the upgrade of pl_eth_10g_xlconstant_0_0 (xilinx.com:ip:xlconstant:1.1) from (Rev. 7) to (Rev. 8)






Copyright 1986-2022 Xilinx, Inc. All Rights Reserved. Copyright 2022-2023 Advanced Micro Devices, Inc. All Rights Reserved.
---------------------------------------------------------------------------------------------------------------------------------------------
| Tool Version : Vivado v.2023.2 (lin64) Build 4029153 Fri Oct 13 20:13:54 MDT 2023
| Date         : Mon Nov  3 14:16:54 2025
| Host         : pc129 running 64-bit Ubuntu 20.04.6 LTS
| Command      : upgrade_ip
| Device       : xczu7ev-ffvc1156-2-e
---------------------------------------------------------------------------------------------------------------------------------------------

Upgrade Log for IP 'pl_eth_10g_xlconcat_0_0'

1. Summary
----------

SUCCESS in the upgrade of pl_eth_10g_xlconcat_0_0 (xilinx.com:ip:xlconcat:2.1) from (Rev. 4) to (Rev. 5)






Copyright 1986-2022 Xilinx, Inc. All Rights Reserved. Copyright 2022-2023 Advanced Micro Devices, Inc. All Rights Reserved.
---------------------------------------------------------------------------------------------------------------------------------------------
| Tool Version : Vivado v.2023.2 (lin64) Build 4029153 Fri Oct 13 20:13:54 MDT 2023
| Date         : Mon Nov  3 14:16:54 2025
| Host         : pc129 running 64-bit Ubuntu 20.04.6 LTS
| Command      : upgrade_ip
| Device       : xczu7ev-ffvc1156-2-e
---------------------------------------------------------------------------------------------------------------------------------------------

Upgrade Log for IP 'pl_eth_10g_util_vector_logic_0_0'

1. Summary
----------

SUCCESS in the upgrade of pl_eth_10g_util_vector_logic_0_0 (xilinx.com:ip:util_vector_logic:2.0) from (Rev. 1) to (Rev. 3)






Copyright 1986-2022 Xilinx, Inc. All Rights Reserved. Copyright 2022-2023 Advanced Micro Devices, Inc. All Rights Reserved.
---------------------------------------------------------------------------------------------------------------------------------------------
| Tool Version : Vivado v.2023.2 (lin64) Build 4029153 Fri Oct 13 20:13:54 MDT 2023
| Date         : Mon Nov  3 14:16:54 2025
| Host         : pc129 running 64-bit Ubuntu 20.04.6 LTS
| Command      : upgrade_ip
| Device       : xczu7ev-ffvc1156-2-e
---------------------------------------------------------------------------------------------------------------------------------------------

Upgrade Log for IP 'pl_eth_10g_tx_rst_n_0'

1. Summary
----------

SUCCESS in the upgrade of pl_eth_10g_tx_rst_n_0 (xilinx.com:ip:util_vector_logic:2.0) from (Rev. 1) to (Rev. 3)






Copyright 1986-2022 Xilinx, Inc. All Rights Reserved. Copyright 2022-2023 Advanced Micro Devices, Inc. All Rights Reserved.
---------------------------------------------------------------------------------------------------------------------------------------------
| Tool Version : Vivado v.2023.2 (lin64) Build 4029153 Fri Oct 13 20:13:54 MDT 2023
| Date         : Mon Nov  3 14:16:54 2025
| Host         : pc129 running 64-bit Ubuntu 20.04.6 LTS
| Command      : upgrade_ip
| Device       : xczu7ev-ffvc1156-2-e
---------------------------------------------------------------------------------------------------------------------------------------------

Upgrade Log for IP 'pl_eth_10g_tx_data_fifo_0'

1. Summary
----------

SUCCESS in the upgrade of pl_eth_10g_tx_data_fifo_0 (xilinx.com:ip:axis_data_fifo:2.0) from (Rev. 4) to (Rev. 11)






Copyright 1986-2022 Xilinx, Inc. All Rights Reserved. Copyright 2022-2023 Advanced Micro Devices, Inc. All Rights Reserved.
---------------------------------------------------------------------------------------------------------------------------------------------
| Tool Version : Vivado v.2023.2 (lin64) Build 4029153 Fri Oct 13 20:13:54 MDT 2023
| Date         : Mon Nov  3 14:16:54 2025
| Host         : pc129 running 64-bit Ubuntu 20.04.6 LTS
| Command      : upgrade_ip
| Device       : xczu7ev-ffvc1156-2-e
---------------------------------------------------------------------------------------------------------------------------------------------

Upgrade Log for IP 'pl_eth_10g_sfp_tx_dis_0'

1. Summary
----------

SUCCESS in the upgrade of pl_eth_10g_sfp_tx_dis_0 (xilinx.com:ip:xlconstant:1.1) from (Rev. 7) to (Rev. 8)






Copyright 1986-2022 Xilinx, Inc. All Rights Reserved. Copyright 2022-2023 Advanced Micro Devices, Inc. All Rights Reserved.
---------------------------------------------------------------------------------------------------------------------------------------------
| Tool Version : Vivado v.2023.2 (lin64) Build 4029153 Fri Oct 13 20:13:54 MDT 2023
| Date         : Mon Nov  3 14:16:54 2025
| Host         : pc129 running 64-bit Ubuntu 20.04.6 LTS
| Command      : upgrade_ip
| Device       : xczu7ev-ffvc1156-2-e
---------------------------------------------------------------------------------------------------------------------------------------------

Upgrade Log for IP 'pl_eth_10g_rx_rst_n_0'

1. Summary
----------

SUCCESS in the upgrade of pl_eth_10g_rx_rst_n_0 (xilinx.com:ip:util_vector_logic:2.0) from (Rev. 1) to (Rev. 3)






Copyright 1986-2022 Xilinx, Inc. All Rights Reserved. Copyright 2022-2023 Advanced Micro Devices, Inc. All Rights Reserved.
---------------------------------------------------------------------------------------------------------------------------------------------
| Tool Version : Vivado v.2023.2 (lin64) Build 4029153 Fri Oct 13 20:13:54 MDT 2023
| Date         : Mon Nov  3 14:16:54 2025
| Host         : pc129 running 64-bit Ubuntu 20.04.6 LTS
| Command      : upgrade_ip
| Device       : xczu7ev-ffvc1156-2-e
---------------------------------------------------------------------------------------------------------------------------------------------

Upgrade Log for IP 'pl_eth_10g_rx_data_fifo_0'

1. Summary
----------

SUCCESS in the upgrade of pl_eth_10g_rx_data_fifo_0 (xilinx.com:ip:axis_data_fifo:2.0) from (Rev. 4) to (Rev. 11)






Copyright 1986-2022 Xilinx, Inc. All Rights Reserved. Copyright 2022-2023 Advanced Micro Devices, Inc. All Rights Reserved.
---------------------------------------------------------------------------------------------------------------------------------------------
| Tool Version : Vivado v.2023.2 (lin64) Build 4029153 Fri Oct 13 20:13:54 MDT 2023
| Date         : Mon Nov  3 14:16:54 2025
| Host         : pc129 running 64-bit Ubuntu 20.04.6 LTS
| Command      : upgrade_ip
| Device       : xczu7ev-ffvc1156-2-e
---------------------------------------------------------------------------------------------------------------------------------------------

Upgrade Log for IP 'pl_eth_10g_rst_ps8_0_99M_0'

1. Summary
----------

SUCCESS in the upgrade of pl_eth_10g_rst_ps8_0_99M_0 (xilinx.com:ip:proc_sys_reset:5.0) from (Rev. 13) to (Rev. 14)






Copyright 1986-2022 Xilinx, Inc. All Rights Reserved. Copyright 2022-2023 Advanced Micro Devices, Inc. All Rights Reserved.
---------------------------------------------------------------------------------------------------------------------------------------------
| Tool Version : Vivado v.2023.2 (lin64) Build 4029153 Fri Oct 13 20:13:54 MDT 2023
| Date         : Mon Nov  3 14:16:54 2025
| Host         : pc129 running 64-bit Ubuntu 20.04.6 LTS
| Command      : upgrade_ip
| Device       : xczu7ev-ffvc1156-2-e
---------------------------------------------------------------------------------------------------------------------------------------------

Upgrade Log for IP 'pl_eth_10g_ps_axi_periph_0'

1. Summary
----------

SUCCESS in the upgrade of pl_eth_10g_ps_axi_periph_0 (xilinx.com:ip:axi_interconnect:2.1) from (Rev. 23) to (Rev. 30)






Copyright 1986-2022 Xilinx, Inc. All Rights Reserved. Copyright 2022-2023 Advanced Micro Devices, Inc. All Rights Reserved.
---------------------------------------------------------------------------------------------------------------------------------------------
| Tool Version : Vivado v.2023.2 (lin64) Build 4029153 Fri Oct 13 20:13:54 MDT 2023
| Date         : Mon Nov  3 14:16:53 2025
| Host         : pc129 running 64-bit Ubuntu 20.04.6 LTS
| Command      : upgrade_ip
| Device       : xczu7ev-ffvc1156-2-e
---------------------------------------------------------------------------------------------------------------------------------------------

Upgrade Log for IP 'pl_eth_10g_dma_tx_rst_0'

1. Summary
----------

SUCCESS in the upgrade of pl_eth_10g_dma_tx_rst_0 (xilinx.com:ip:util_vector_logic:2.0) from (Rev. 1) to (Rev. 3)






Copyright 1986-2022 Xilinx, Inc. All Rights Reserved. Copyright 2022-2023 Advanced Micro Devices, Inc. All Rights Reserved.
---------------------------------------------------------------------------------------------------------------------------------------------
| Tool Version : Vivado v.2023.2 (lin64) Build 4029153 Fri Oct 13 20:13:54 MDT 2023
| Date         : Mon Nov  3 14:16:53 2025
| Host         : pc129 running 64-bit Ubuntu 20.04.6 LTS
| Command      : upgrade_ip
| Device       : xczu7ev-ffvc1156-2-e
---------------------------------------------------------------------------------------------------------------------------------------------

Upgrade Log for IP 'pl_eth_10g_dma_rx_rst_0'

1. Summary
----------

SUCCESS in the upgrade of pl_eth_10g_dma_rx_rst_0 (xilinx.com:ip:util_vector_logic:2.0) from (Rev. 1) to (Rev. 3)






Copyright 1986-2022 Xilinx, Inc. All Rights Reserved. Copyright 2022-2023 Advanced Micro Devices, Inc. All Rights Reserved.
---------------------------------------------------------------------------------------------------------------------------------------------
| Tool Version : Vivado v.2023.2 (lin64) Build 4029153 Fri Oct 13 20:13:54 MDT 2023
| Date         : Mon Nov  3 14:16:53 2025
| Host         : pc129 running 64-bit Ubuntu 20.04.6 LTS
| Command      : upgrade_ip
| Device       : xczu7ev-ffvc1156-2-e
---------------------------------------------------------------------------------------------------------------------------------------------

Upgrade Log for IP 'pl_eth_10g_axi_pl_ps_0'

1. Summary
----------

SUCCESS in the upgrade of pl_eth_10g_axi_pl_ps_0 (xilinx.com:ip:axi_interconnect:2.1) from (Rev. 23) to (Rev. 30)






Copyright 1986-2022 Xilinx, Inc. All Rights Reserved. Copyright 2022-2023 Advanced Micro Devices, Inc. All Rights Reserved.
---------------------------------------------------------------------------------------------------------------------------------------------
| Tool Version : Vivado v.2023.2 (lin64) Build 4029153 Fri Oct 13 20:13:54 MDT 2023
| Date         : Mon Nov  3 14:16:53 2025
| Host         : pc129 running 64-bit Ubuntu 20.04.6 LTS
| Command      : upgrade_ip
| Device       : xczu7ev-ffvc1156-2-e
---------------------------------------------------------------------------------------------------------------------------------------------

Upgrade Log for IP 'pl_eth_10g_axi_dma_0_0'

1. Summary
----------

SUCCESS in the upgrade of pl_eth_10g_axi_dma_0_0 (xilinx.com:ip:axi_dma:7.1) from (Rev. 23) to (Rev. 30)

